[debug] [2017-08-23T14:38:49.709Z] ----------------------------------------------------------------------
[debug] [2017-08-23T14:38:49.713Z] Command:       C:\Program Files\nodejs\node.exe C:\Users\Dheeraj P\AppData\Roaming\npm\node_modules\firebase-tools\bin\firebase serve --only functions,hosting
[debug] [2017-08-23T14:38:49.713Z] CLI Version:   3.9.2
[debug] [2017-08-23T14:38:49.713Z] Platform:      win32
[debug] [2017-08-23T14:38:49.713Z] Node Version:  v6.11.2
[debug] [2017-08-23T14:38:49.713Z] Time:          Wed Aug 23 2017 20:08:49 GMT+0530 (India Standard Time)
[debug] [2017-08-23T14:38:49.713Z] ----------------------------------------------------------------------
[debug] 
[debug] [2017-08-23T14:38:49.733Z] > command requires scopes: ["email","openid","https://www.googleapis.com/auth/cloudplatformprojects.readonly","https://www.googleapis.com/auth/firebase","https://www.googleapis.com/auth/cloud-platform"]
[debug] [2017-08-23T14:38:49.733Z] > authorizing via signed-in user
[debug] [2017-08-23T14:38:49.737Z] >>> HTTP REQUEST GET https://admin.firebase.com/v1/projects/fir-1-a158d  
 Wed Aug 23 2017 20:08:49 GMT+0530 (India Standard Time)
[debug] [2017-08-23T14:38:50.987Z] <<< HTTP RESPONSE 200
[debug] [2017-08-23T14:38:50.988Z] >>> HTTP REQUEST GET https://admin.firebase.com/v1/database/fir-1-a158d/tokens  
 Wed Aug 23 2017 20:08:50 GMT+0530 (India Standard Time)
[debug] [2017-08-23T14:39:01.938Z] <<< HTTP RESPONSE 500
[debug] [2017-08-23T14:39:01.938Z] <<< HTTP RESPONSE BODY
[error] 
[error] Error: HTTP Error: 500, An unknown error occurred. Please contact support.
[debug] [2017-08-23T14:39:02.129Z] Error Context: {
  "body": {
    "error": {
      "code": "UNKNOWN_ERROR",
      "message": "An unknown error occurred. Please contact support."
    }
  },
  "response": {
    "statusCode": 500,
    "body": {
      "error": {
        "code": "UNKNOWN_ERROR",
        "message": "An unknown error occurred. Please contact support."
      }
    },
    "headers": {
      "server": "nginx",
      "date": "Wed, 23 Aug 2017 14:38:50 GMT",
      "content-type": "application/json; charset=utf-8",
      "content-length": "97",
      "connection": "close",
      "x-content-type-options": "nosniff"
    },
    "request": {
      "uri": {
        "protocol": "https:",
        "slashes": true,
        "auth": null,
        "host": "admin.firebase.com",
        "port": 443,
        "hostname": "admin.firebase.com",
        "hash": null,
        "search": null,
        "query": null,
        "pathname": "/v1/database/fir-1-a158d/tokens",
        "path": "/v1/database/fir-1-a158d/tokens",
        "href": "https://admin.firebase.com/v1/database/fir-1-a158d/tokens"
      },
      "method": "GET"
    }
  }
}
